Performing C SOURCE FILE Test CMAKE_HAVE_LIBC_PTHREAD failed with the following output:
Change Dir: /home/limo/myMuduoWebServer/Build/CMakeFiles/CMakeTmp

Run Build Command(s):/usr/bin/gmake -f Makefile cmTC_09289/fast && /usr/bin/gmake  -f CMakeFiles/cmTC_09289.dir/build.make CMakeFiles/cmTC_09289.dir/build
gmake[1]: Entering directory '/home/limo/myMuduoWebServer/Build/CMakeFiles/CMakeTmp'
Building C object CMakeFiles/cmTC_09289.dir/src.c.o
/usr/bin/cc -DCMAKE_HAVE_LIBC_PTHREAD   -o CMakeFiles/cmTC_09289.dir/src.c.o -c /home/limo/myMuduoWebServer/Build/CMakeFiles/CMakeTmp/src.c
Linking C executable cmTC_09289
/root/cmake/cmake-3.24.0-rc2-linux-x86_64/bin/cmake -E cmake_link_script CMakeFiles/cmTC_09289.dir/link.txt --verbose=1
/usr/bin/cc -rdynamic CMakeFiles/cmTC_09289.dir/src.c.o -o cmTC_09289 
/usr/bin/ld: CMakeFiles/cmTC_09289.dir/src.c.o: in function `main':
src.c:(.text+0x2d): undefined reference to `pthread_create'
/usr/bin/ld: src.c:(.text+0x39): undefined reference to `pthread_detach'
/usr/bin/ld: src.c:(.text+0x45): undefined reference to `pthread_cancel'
/usr/bin/ld: src.c:(.text+0x56): undefined reference to `pthread_join'
collect2: error: ld returned 1 exit status
gmake[1]: *** [CMakeFiles/cmTC_09289.dir/build.make:99: cmTC_09289] Error 1
gmake[1]: Leaving directory '/home/limo/myMuduoWebServer/Build/CMakeFiles/CMakeTmp'
gmake: *** [Makefile:127: cmTC_09289/fast] Error 2


Source file was:
#include <pthread.h>

static void* test_func(void* data)
{
  return data;
}

int main(void)
{
  pthread_t thread;
  pthread_create(&thread, NULL, test_func, NULL);
  pthread_detach(thread);
  pthread_cancel(thread);
  pthread_join(thread, NULL);
  pthread_atfork(NULL, NULL, NULL);
  pthread_exit(NULL);

  return 0;
}

Determining if the function pthread_create exists in the pthreads failed with the following output:
Change Dir: /home/limo/myMuduoWebServer/Build/CMakeFiles/CMakeTmp

Run Build Command(s):/usr/bin/gmake -f Makefile cmTC_8152a/fast && /usr/bin/gmake  -f CMakeFiles/cmTC_8152a.dir/build.make CMakeFiles/cmTC_8152a.dir/build
gmake[1]: Entering directory '/home/limo/myMuduoWebServer/Build/CMakeFiles/CMakeTmp'
Building C object CMakeFiles/cmTC_8152a.dir/CheckFunctionExists.c.o
/usr/bin/cc   -DCHECK_FUNCTION_EXISTS=pthread_create -o CMakeFiles/cmTC_8152a.dir/CheckFunctionExists.c.o -c /root/cmake/cmake-3.24.0-rc2-linux-x86_64/share/cmake-3.24/Modules/CheckFunctionExists.c
Linking C executable cmTC_8152a
/root/cmake/cmake-3.24.0-rc2-linux-x86_64/bin/cmake -E cmake_link_script CMakeFiles/cmTC_8152a.dir/link.txt --verbose=1
/usr/bin/cc  -DCHECK_FUNCTION_EXISTS=pthread_create -rdynamic CMakeFiles/cmTC_8152a.dir/CheckFunctionExists.c.o -o cmTC_8152a  -lpthreads 
/usr/bin/ld: cannot find -lpthreads
collect2: error: ld returned 1 exit status
gmake[1]: *** [CMakeFiles/cmTC_8152a.dir/build.make:99: cmTC_8152a] Error 1
gmake[1]: Leaving directory '/home/limo/myMuduoWebServer/Build/CMakeFiles/CMakeTmp'
gmake: *** [Makefile:127: cmTC_8152a/fast] Error 2



