The system is: Linux - 5.10.60-9.al8.x86_64 - x86_64
Compiling the C compiler identification source file "CMakeCCompilerId.c" succeeded.
Compiler: /usr/bin/cc 
Build flags: 
Id flags:  

The output was:
0


Compilation of the C compiler identification source "CMakeCCompilerId.c" produced "a.out"

The C compiler identification is GNU, found in "/home/limo/myMuduoWebServer/Build/CMakeFiles/3.24.0-rc2/CompilerIdC/a.out"

Compiling the CXX compiler identification source file "CMakeCXXCompilerId.cpp" succeeded.
Compiler: /usr/bin/c++ 
Build flags: 
Id flags:  

The output was:
0


Compilation of the CXX compiler identification source "CMakeCXXCompilerId.cpp" produced "a.out"

The CXX compiler identification is GNU, found in "/home/limo/myMuduoWebServer/Build/CMakeFiles/3.24.0-rc2/CompilerIdCXX/a.out"

Detecting C compiler ABI info compiled with the following output:
Change Dir: /home/limo/myMuduoWebServer/Build/CMakeFiles/CMakeTmp

Run Build Command(s):/usr/bin/gmake -f Makefile cmTC_05b43/fast && /usr/bin/gmake  -f CMakeFiles/cmTC_05b43.dir/build.make CMakeFiles/cmTC_05b43.dir/build
gmake[1]: Entering directory '/home/limo/myMuduoWebServer/Build/CMakeFiles/CMakeTmp'
Building C object CMakeFiles/cmTC_05b43.dir/CMakeCCompilerABI.c.o
/usr/bin/cc   -v -o CMakeFiles/cmTC_05b43.dir/CMakeCCompilerABI.c.o -c /root/cmake/cmake-3.24.0-rc2-linux-x86_64/share/cmake-3.24/Modules/CMakeCCompilerABI.c
Using built-in specs.
COLLECT_GCC=/usr/bin/cc
Target: x86_64-redhat-linux
Configured with: ../configure --enable-bootstrap --enable-languages=c,c++,fortran,lto --prefix=/usr --mandir=/usr/share/man --infodir=/usr/share/info --with-bugurl=http://bugzilla.redhat.com/bugzilla --enable-shared --enable-threads=posix --enable-checking=release --disable-multilib --with-system-zlib --enable-__cxa_atexit --disable-libunwind-exceptions --enable-gnu-unique-object --enable-linker-build-id --with-gcc-major-version-only --with-linker-hash-style=gnu --enable-plugin --enable-initfini-array --with-isl --enable-gnu-indirect-function --enable-cet --with-tune=generic --with-arch_32=x86-64 --build=x86_64-redhat-linux
Thread model: posix
Supported LTO compression algorithms: zlib zstd
gcc version 10.2.1 20200825 (Alibaba 10.2.1-3 2.32) (GCC) 
COLLECT_GCC_OPTIONS='-v' '-o' 'CMakeFiles/cmTC_05b43.dir/CMakeCCompilerABI.c.o' '-c' '-mtune=generic' '-march=x86-64'
 /usr/libexec/gcc/x86_64-redhat-linux/10/cc1 -quiet -v /root/cmake/cmake-3.24.0-rc2-linux-x86_64/share/cmake-3.24/Modules/CMakeCCompilerABI.c -quiet -dumpbase CMakeCCompilerABI.c -mtune=generic -march=x86-64 -auxbase-strip CMakeFiles/cmTC_05b43.dir/CMakeCCompilerABI.c.o -version -o /tmp/ccwF6fC9.s
GNU C17 (GCC) version 10.2.1 20200825 (Alibaba 10.2.1-3 2.32) (x86_64-redhat-linux)
	compiled by GNU C version 10.2.1 20200825 (Alibaba 10.2.1-3 2.32), GMP version 6.1.2, MPFR version 3.1.6-p2, MPC version 1.1.0, isl version isl-0.16.1-GMP

GGC heuristics: --param ggc-min-expand=100 --param ggc-min-heapsize=131072
ignoring nonexistent directory "/usr/lib/gcc/x86_64-redhat-linux/10/include-fixed"
ignoring nonexistent directory "/usr/lib/gcc/x86_64-redhat-linux/10/../../../../x86_64-redhat-linux/include"
#include "..." search starts here:
#include <...> search starts here:
 /usr/lib/gcc/x86_64-redhat-linux/10/include
 /usr/local/include
 /usr/include
End of search list.
GNU C17 (GCC) version 10.2.1 20200825 (Alibaba 10.2.1-3 2.32) (x86_64-redhat-linux)
	compiled by GNU C version 10.2.1 20200825 (Alibaba 10.2.1-3 2.32), GMP version 6.1.2, MPFR version 3.1.6-p2, MPC version 1.1.0, isl version isl-0.16.1-GMP

GGC heuristics: --param ggc-min-expand=100 --param ggc-min-heapsize=131072
Compiler executable checksum: d092eeb5d4c3d8031686f85da954e47c
COLLECT_GCC_OPTIONS='-v' '-o' 'CMakeFiles/cmTC_05b43.dir/CMakeCCompilerABI.c.o' '-c' '-mtune=generic' '-march=x86-64'
 as -v --64 -o CMakeFiles/cmTC_05b43.dir/CMakeCCompilerABI.c.o /tmp/ccwF6fC9.s
GNU assembler version 2.35 (x86_64-redhat-linux) using BFD version version 2.35-12.2.al8
COMPILER_PATH=/usr/libexec/gcc/x86_64-redhat-linux/10/:/usr/libexec/gcc/x86_64-redhat-linux/10/:/usr/libexec/gcc/x86_64-redhat-linux/:/usr/lib/gcc/x86_64-redhat-linux/10/:/usr/lib/gcc/x86_64-redhat-linux/
LIBRARY_PATH=/usr/lib/gcc/x86_64-redhat-linux/10/:/usr/lib/gcc/x86_64-redhat-linux/10/../../../../lib64/:/lib/../lib64/:/usr/lib/../lib64/:/usr/lib/gcc/x86_64-redhat-linux/10/../../../:/lib/:/usr/lib/
COLLECT_GCC_OPTIONS='-v' '-o' 'CMakeFiles/cmTC_05b43.dir/CMakeCCompilerABI.c.o' '-c' '-mtune=generic' '-march=x86-64'
Linking C executable cmTC_05b43
/root/cmake/cmake-3.24.0-rc2-linux-x86_64/bin/cmake -E cmake_link_script CMakeFiles/cmTC_05b43.dir/link.txt --verbose=1
/usr/bin/cc  -v -rdynamic CMakeFiles/cmTC_05b43.dir/CMakeCCompilerABI.c.o -o cmTC_05b43 
Using built-in specs.
COLLECT_GCC=/usr/bin/cc
COLLECT_LTO_WRAPPER=/usr/libexec/gcc/x86_64-redhat-linux/10/lto-wrapper
Target: x86_64-redhat-linux
Configured with: ../configure --enable-bootstrap --enable-languages=c,c++,fortran,lto --prefix=/usr --mandir=/usr/share/man --infodir=/usr/share/info --with-bugurl=http://bugzilla.redhat.com/bugzilla --enable-shared --enable-threads=posix --enable-checking=release --disable-multilib --with-system-zlib --enable-__cxa_atexit --disable-libunwind-exceptions --enable-gnu-unique-object --enable-linker-build-id --with-gcc-major-version-only --with-linker-hash-style=gnu --enable-plugin --enable-initfini-array --with-isl --enable-gnu-indirect-function --enable-cet --with-tune=generic --with-arch_32=x86-64 --build=x86_64-redhat-linux
Thread model: posix
Supported LTO compression algorithms: zlib zstd
gcc version 10.2.1 20200825 (Alibaba 10.2.1-3 2.32) (GCC) 
COMPILER_PATH=/usr/libexec/gcc/x86_64-redhat-linux/10/:/usr/libexec/gcc/x86_64-redhat-linux/10/:/usr/libexec/gcc/x86_64-redhat-linux/:/usr/lib/gcc/x86_64-redhat-linux/10/:/usr/lib/gcc/x86_64-redhat-linux/
LIBRARY_PATH=/usr/lib/gcc/x86_64-redhat-linux/10/:/usr/lib/gcc/x86_64-redhat-linux/10/../../../../lib64/:/lib/../lib64/:/usr/lib/../lib64/:/usr/lib/gcc/x86_64-redhat-linux/10/../../../:/lib/:/usr/lib/
COLLECT_GCC_OPTIONS='-v' '-rdynamic' '-o' 'cmTC_05b43' '-mtune=generic' '-march=x86-64'
 /usr/libexec/gcc/x86_64-redhat-linux/10/collect2 -plugin /usr/libexec/gcc/x86_64-redhat-linux/10/liblto_plugin.so -plugin-opt=/usr/libexec/gcc/x86_64-redhat-linux/10/lto-wrapper -plugin-opt=-fresolution=/tmp/ccmYoTmy.res -plugin-opt=-pass-through=-lgcc -plugin-opt=-pass-through=-lgcc_s -plugin-opt=-pass-through=-lc -plugin-opt=-pass-through=-lgcc -plugin-opt=-pass-through=-lgcc_s --build-id --no-add-needed --eh-frame-hdr --hash-style=gnu -m elf_x86_64 -export-dynamic -dynamic-linker /lib64/ld-linux-x86-64.so.2 -o cmTC_05b43 /usr/lib/gcc/x86_64-redhat-linux/10/../../../../lib64/crt1.o /usr/lib/gcc/x86_64-redhat-linux/10/../../../../lib64/crti.o /usr/lib/gcc/x86_64-redhat-linux/10/crtbegin.o -L/usr/lib/gcc/x86_64-redhat-linux/10 -L/usr/lib/gcc/x86_64-redhat-linux/10/../../../../lib64 -L/lib/../lib64 -L/usr/lib/../lib64 -L/usr/lib/gcc/x86_64-redhat-linux/10/../../.. CMakeFiles/cmTC_05b43.dir/CMakeCCompilerABI.c.o -lgcc --push-state --as-needed -lgcc_s --pop-state -lc -lgcc --push-state --as-needed -lgcc_s --pop-state /usr/lib/gcc/x86_64-redhat-linux/10/crtend.o /usr/lib/gcc/x86_64-redhat-linux/10/../../../../lib64/crtn.o
COLLECT_GCC_OPTIONS='-v' '-rdynamic' '-o' 'cmTC_05b43' '-mtune=generic' '-march=x86-64'
gmake[1]: Leaving directory '/home/limo/myMuduoWebServer/Build/CMakeFiles/CMakeTmp'



Parsed C implicit include dir info from above output: rv=done
  found start of include info
  found start of implicit include info
    add: [/usr/lib/gcc/x86_64-redhat-linux/10/include]
    add: [/usr/local/include]
    add: [/usr/include]
  end of search list found
  collapse include dir [/usr/lib/gcc/x86_64-redhat-linux/10/include] ==> [/usr/lib/gcc/x86_64-redhat-linux/10/include]
  collapse include dir [/usr/local/include] ==> [/usr/local/include]
  collapse include dir [/usr/include] ==> [/usr/include]
  implicit include dirs: [/usr/lib/gcc/x86_64-redhat-linux/10/include;/usr/local/include;/usr/include]


Parsed C implicit link information from above output:
  link line regex: [^( *|.*[/\])(ld|CMAKE_LINK_STARTFILE-NOTFOUND|([^/\]+-)?ld|collect2)[^/\]*( |$)]
  ignore line: [Change Dir: /home/limo/myMuduoWebServer/Build/CMakeFiles/CMakeTmp]
  ignore line: []
  ignore line: [Run Build Command(s):/usr/bin/gmake -f Makefile cmTC_05b43/fast && /usr/bin/gmake  -f CMakeFiles/cmTC_05b43.dir/build.make CMakeFiles/cmTC_05b43.dir/build]
  ignore line: [gmake[1]: Entering directory '/home/limo/myMuduoWebServer/Build/CMakeFiles/CMakeTmp']
  ignore line: [Building C object CMakeFiles/cmTC_05b43.dir/CMakeCCompilerABI.c.o]
  ignore line: [/usr/bin/cc   -v -o CMakeFiles/cmTC_05b43.dir/CMakeCCompilerABI.c.o -c /root/cmake/cmake-3.24.0-rc2-linux-x86_64/share/cmake-3.24/Modules/CMakeCCompilerABI.c]
  ignore line: [Using built-in specs.]
  ignore line: [COLLECT_GCC=/usr/bin/cc]
  ignore line: [Target: x86_64-redhat-linux]
  ignore line: [Configured with: ../configure --enable-bootstrap --enable-languages=c c++ fortran lto --prefix=/usr --mandir=/usr/share/man --infodir=/usr/share/info --with-bugurl=http://bugzilla.redhat.com/bugzilla --enable-shared --enable-threads=posix --enable-checking=release --disable-multilib --with-system-zlib --enable-__cxa_atexit --disable-libunwind-exceptions --enable-gnu-unique-object --enable-linker-build-id --with-gcc-major-version-only --with-linker-hash-style=gnu --enable-plugin --enable-initfini-array --with-isl --enable-gnu-indirect-function --enable-cet --with-tune=generic --with-arch_32=x86-64 --build=x86_64-redhat-linux]
  ignore line: [Thread model: posix]
  ignore line: [Supported LTO compression algorithms: zlib zstd]
  ignore line: [gcc version 10.2.1 20200825 (Alibaba 10.2.1-3 2.32) (GCC) ]
  ignore line: [COLLECT_GCC_OPTIONS='-v' '-o' 'CMakeFiles/cmTC_05b43.dir/CMakeCCompilerABI.c.o' '-c' '-mtune=generic' '-march=x86-64']
  ignore line: [ /usr/libexec/gcc/x86_64-redhat-linux/10/cc1 -quiet -v /root/cmake/cmake-3.24.0-rc2-linux-x86_64/share/cmake-3.24/Modules/CMakeCCompilerABI.c -quiet -dumpbase CMakeCCompilerABI.c -mtune=generic -march=x86-64 -auxbase-strip CMakeFiles/cmTC_05b43.dir/CMakeCCompilerABI.c.o -version -o /tmp/ccwF6fC9.s]
  ignore line: [GNU C17 (GCC) version 10.2.1 20200825 (Alibaba 10.2.1-3 2.32) (x86_64-redhat-linux)]
  ignore line: [	compiled by GNU C version 10.2.1 20200825 (Alibaba 10.2.1-3 2.32)  GMP version 6.1.2  MPFR version 3.1.6-p2  MPC version 1.1.0  isl version isl-0.16.1-GMP]
  ignore line: []
  ignore line: [GGC heuristics: --param ggc-min-expand=100 --param ggc-min-heapsize=131072]
  ignore line: [ignoring nonexistent directory "/usr/lib/gcc/x86_64-redhat-linux/10/include-fixed"]
  ignore line: [ignoring nonexistent directory "/usr/lib/gcc/x86_64-redhat-linux/10/../../../../x86_64-redhat-linux/include"]
  ignore line: [#include "..." search starts here:]
  ignore line: [#include <...> search starts here:]
  ignore line: [ /usr/lib/gcc/x86_64-redhat-linux/10/include]
  ignore line: [ /usr/local/include]
  ignore line: [ /usr/include]
  ignore line: [End of search list.]
  ignore line: [GNU C17 (GCC) version 10.2.1 20200825 (Alibaba 10.2.1-3 2.32) (x86_64-redhat-linux)]
  ignore line: [	compiled by GNU C version 10.2.1 20200825 (Alibaba 10.2.1-3 2.32)  GMP version 6.1.2  MPFR version 3.1.6-p2  MPC version 1.1.0  isl version isl-0.16.1-GMP]
  ignore line: []
  ignore line: [GGC heuristics: --param ggc-min-expand=100 --param ggc-min-heapsize=131072]
  ignore line: [Compiler executable checksum: d092eeb5d4c3d8031686f85da954e47c]
  ignore line: [COLLECT_GCC_OPTIONS='-v' '-o' 'CMakeFiles/cmTC_05b43.dir/CMakeCCompilerABI.c.o' '-c' '-mtune=generic' '-march=x86-64']
  ignore line: [ as -v --64 -o CMakeFiles/cmTC_05b43.dir/CMakeCCompilerABI.c.o /tmp/ccwF6fC9.s]
  ignore line: [GNU assembler version 2.35 (x86_64-redhat-linux) using BFD version version 2.35-12.2.al8]
  ignore line: [COMPILER_PATH=/usr/libexec/gcc/x86_64-redhat-linux/10/:/usr/libexec/gcc/x86_64-redhat-linux/10/:/usr/libexec/gcc/x86_64-redhat-linux/:/usr/lib/gcc/x86_64-redhat-linux/10/:/usr/lib/gcc/x86_64-redhat-linux/]
  ignore line: [LIBRARY_PATH=/usr/lib/gcc/x86_64-redhat-linux/10/:/usr/lib/gcc/x86_64-redhat-linux/10/../../../../lib64/:/lib/../lib64/:/usr/lib/../lib64/:/usr/lib/gcc/x86_64-redhat-linux/10/../../../:/lib/:/usr/lib/]
  ignore line: [COLLECT_GCC_OPTIONS='-v' '-o' 'CMakeFiles/cmTC_05b43.dir/CMakeCCompilerABI.c.o' '-c' '-mtune=generic' '-march=x86-64']
  ignore line: [Linking C executable cmTC_05b43]
  ignore line: [/root/cmake/cmake-3.24.0-rc2-linux-x86_64/bin/cmake -E cmake_link_script CMakeFiles/cmTC_05b43.dir/link.txt --verbose=1]
  ignore line: [/usr/bin/cc  -v -rdynamic CMakeFiles/cmTC_05b43.dir/CMakeCCompilerABI.c.o -o cmTC_05b43 ]
  ignore line: [Using built-in specs.]
  ignore line: [COLLECT_GCC=/usr/bin/cc]
  ignore line: [COLLECT_LTO_WRAPPER=/usr/libexec/gcc/x86_64-redhat-linux/10/lto-wrapper]
  ignore line: [Target: x86_64-redhat-linux]
  ignore line: [Configured with: ../configure --enable-bootstrap --enable-languages=c c++ fortran lto --prefix=/usr --mandir=/usr/share/man --infodir=/usr/share/info --with-bugurl=http://bugzilla.redhat.com/bugzilla --enable-shared --enable-threads=posix --enable-checking=release --disable-multilib --with-system-zlib --enable-__cxa_atexit --disable-libunwind-exceptions --enable-gnu-unique-object --enable-linker-build-id --with-gcc-major-version-only --with-linker-hash-style=gnu --enable-plugin --enable-initfini-array --with-isl --enable-gnu-indirect-function --enable-cet --with-tune=generic --with-arch_32=x86-64 --build=x86_64-redhat-linux]
  ignore line: [Thread model: posix]
  ignore line: [Supported LTO compression algorithms: zlib zstd]
  ignore line: [gcc version 10.2.1 20200825 (Alibaba 10.2.1-3 2.32) (GCC) ]
  ignore line: [COMPILER_PATH=/usr/libexec/gcc/x86_64-redhat-linux/10/:/usr/libexec/gcc/x86_64-redhat-linux/10/:/usr/libexec/gcc/x86_64-redhat-linux/:/usr/lib/gcc/x86_64-redhat-linux/10/:/usr/lib/gcc/x86_64-redhat-linux/]
  ignore line: [LIBRARY_PATH=/usr/lib/gcc/x86_64-redhat-linux/10/:/usr/lib/gcc/x86_64-redhat-linux/10/../../../../lib64/:/lib/../lib64/:/usr/lib/../lib64/:/usr/lib/gcc/x86_64-redhat-linux/10/../../../:/lib/:/usr/lib/]
  ignore line: [COLLECT_GCC_OPTIONS='-v' '-rdynamic' '-o' 'cmTC_05b43' '-mtune=generic' '-march=x86-64']
  link line: [ /usr/libexec/gcc/x86_64-redhat-linux/10/collect2 -plugin /usr/libexec/gcc/x86_64-redhat-linux/10/liblto_plugin.so -plugin-opt=/usr/libexec/gcc/x86_64-redhat-linux/10/lto-wrapper -plugin-opt=-fresolution=/tmp/ccmYoTmy.res -plugin-opt=-pass-through=-lgcc -plugin-opt=-pass-through=-lgcc_s -plugin-opt=-pass-through=-lc -plugin-opt=-pass-through=-lgcc -plugin-opt=-pass-through=-lgcc_s --build-id --no-add-needed --eh-frame-hdr --hash-style=gnu -m elf_x86_64 -export-dynamic -dynamic-linker /lib64/ld-linux-x86-64.so.2 -o cmTC_05b43 /usr/lib/gcc/x86_64-redhat-linux/10/../../../../lib64/crt1.o /usr/lib/gcc/x86_64-redhat-linux/10/../../../../lib64/crti.o /usr/lib/gcc/x86_64-redhat-linux/10/crtbegin.o -L/usr/lib/gcc/x86_64-redhat-linux/10 -L/usr/lib/gcc/x86_64-redhat-linux/10/../../../../lib64 -L/lib/../lib64 -L/usr/lib/../lib64 -L/usr/lib/gcc/x86_64-redhat-linux/10/../../.. CMakeFiles/cmTC_05b43.dir/CMakeCCompilerABI.c.o -lgcc --push-state --as-needed -lgcc_s --pop-state -lc -lgcc --push-state --as-needed -lgcc_s --pop-state /usr/lib/gcc/x86_64-redhat-linux/10/crtend.o /usr/lib/gcc/x86_64-redhat-linux/10/../../../../lib64/crtn.o]
    arg [/usr/libexec/gcc/x86_64-redhat-linux/10/collect2] ==> ignore
    arg [-plugin] ==> ignore
    arg [/usr/libexec/gcc/x86_64-redhat-linux/10/liblto_plugin.so] ==> ignore
    arg [-plugin-opt=/usr/libexec/gcc/x86_64-redhat-linux/10/lto-wrapper] ==> ignore
    arg [-plugin-opt=-fresolution=/tmp/ccmYoTmy.res] ==> ignore
    arg [-plugin-opt=-pass-through=-lgcc] ==> ignore
    arg [-plugin-opt=-pass-through=-lgcc_s] ==> ignore
    arg [-plugin-opt=-pass-through=-lc] ==> ignore
    arg [-plugin-opt=-pass-through=-lgcc] ==> ignore
    arg [-plugin-opt=-pass-through=-lgcc_s] ==> ignore
    arg [--build-id] ==> ignore
    arg [--no-add-needed] ==> ignore
    arg [--eh-frame-hdr] ==> ignore
    arg [--hash-style=gnu] ==> ignore
    arg [-m] ==> ignore
    arg [elf_x86_64] ==> ignore
    arg [-export-dynamic] ==> ignore
    arg [-dynamic-linker] ==> ignore
    arg [/lib64/ld-linux-x86-64.so.2] ==> ignore
    arg [-o] ==> ignore
    arg [cmTC_05b43] ==> ignore
    arg [/usr/lib/gcc/x86_64-redhat-linux/10/../../../../lib64/crt1.o] ==> obj [/usr/lib/gcc/x86_64-redhat-linux/10/../../../../lib64/crt1.o]
    arg [/usr/lib/gcc/x86_64-redhat-linux/10/../../../../lib64/crti.o] ==> obj [/usr/lib/gcc/x86_64-redhat-linux/10/../../../../lib64/crti.o]
    arg [/usr/lib/gcc/x86_64-redhat-linux/10/crtbegin.o] ==> obj [/usr/lib/gcc/x86_64-redhat-linux/10/crtbegin.o]
    arg [-L/usr/lib/gcc/x86_64-redhat-linux/10] ==> dir [/usr/lib/gcc/x86_64-redhat-linux/10]
    arg [-L/usr/lib/gcc/x86_64-redhat-linux/10/../../../../lib64] ==> dir [/usr/lib/gcc/x86_64-redhat-linux/10/../../../../lib64]
    arg [-L/lib/../lib64] ==> dir [/lib/../lib64]
    arg [-L/usr/lib/../lib64] ==> dir [/usr/lib/../lib64]
    arg [-L/usr/lib/gcc/x86_64-redhat-linux/10/../../..] ==> dir [/usr/lib/gcc/x86_64-redhat-linux/10/../../..]
    arg [CMakeFiles/cmTC_05b43.dir/CMakeCCompilerABI.c.o] ==> ignore
    arg [-lgcc] ==> lib [gcc]
    arg [--push-state] ==> ignore
    arg [--as-needed] ==> ignore
    arg [-lgcc_s] ==> lib [gcc_s]
    arg [--pop-state] ==> ignore
    arg [-lc] ==> lib [c]
    arg [-lgcc] ==> lib [gcc]
    arg [--push-state] ==> ignore
    arg [--as-needed] ==> ignore
    arg [-lgcc_s] ==> lib [gcc_s]
    arg [--pop-state] ==> ignore
    arg [/usr/lib/gcc/x86_64-redhat-linux/10/crtend.o] ==> obj [/usr/lib/gcc/x86_64-redhat-linux/10/crtend.o]
    arg [/usr/lib/gcc/x86_64-redhat-linux/10/../../../../lib64/crtn.o] ==> obj [/usr/lib/gcc/x86_64-redhat-linux/10/../../../../lib64/crtn.o]
  collapse obj [/usr/lib/gcc/x86_64-redhat-linux/10/../../../../lib64/crt1.o] ==> [/usr/lib64/crt1.o]
  collapse obj [/usr/lib/gcc/x86_64-redhat-linux/10/../../../../lib64/crti.o] ==> [/usr/lib64/crti.o]
  collapse obj [/usr/lib/gcc/x86_64-redhat-linux/10/../../../../lib64/crtn.o] ==> [/usr/lib64/crtn.o]
  collapse library dir [/usr/lib/gcc/x86_64-redhat-linux/10] ==> [/usr/lib/gcc/x86_64-redhat-linux/10]
  collapse library dir [/usr/lib/gcc/x86_64-redhat-linux/10/../../../../lib64] ==> [/usr/lib64]
  collapse library dir [/lib/../lib64] ==> [/lib64]
  collapse library dir [/usr/lib/../lib64] ==> [/usr/lib64]
  collapse library dir [/usr/lib/gcc/x86_64-redhat-linux/10/../../..] ==> [/usr/lib]
  implicit libs: [gcc;gcc_s;c;gcc;gcc_s]
  implicit objs: [/usr/lib64/crt1.o;/usr/lib64/crti.o;/usr/lib/gcc/x86_64-redhat-linux/10/crtbegin.o;/usr/lib/gcc/x86_64-redhat-linux/10/crtend.o;/usr/lib64/crtn.o]
  implicit dirs: [/usr/lib/gcc/x86_64-redhat-linux/10;/usr/lib64;/lib64;/usr/lib]
  implicit fwks: []


Detecting CXX compiler ABI info compiled with the following output:
Change Dir: /home/limo/myMuduoWebServer/Build/CMakeFiles/CMakeTmp

Run Build Command(s):/usr/bin/gmake -f Makefile cmTC_8db23/fast && /usr/bin/gmake  -f CMakeFiles/cmTC_8db23.dir/build.make CMakeFiles/cmTC_8db23.dir/build
gmake[1]: Entering directory '/home/limo/myMuduoWebServer/Build/CMakeFiles/CMakeTmp'
Building CXX object CMakeFiles/cmTC_8db23.dir/CMakeCXXCompilerABI.cpp.o
/usr/bin/c++   -v -o CMakeFiles/cmTC_8db23.dir/CMakeCXXCompilerABI.cpp.o -c /root/cmake/cmake-3.24.0-rc2-linux-x86_64/share/cmake-3.24/Modules/CMakeCXXCompilerABI.cpp
Using built-in specs.
COLLECT_GCC=/usr/bin/c++
Target: x86_64-redhat-linux
Configured with: ../configure --enable-bootstrap --enable-languages=c,c++,fortran,lto --prefix=/usr --mandir=/usr/share/man --infodir=/usr/share/info --with-bugurl=http://bugzilla.redhat.com/bugzilla --enable-shared --enable-threads=posix --enable-checking=release --disable-multilib --with-system-zlib --enable-__cxa_atexit --disable-libunwind-exceptions --enable-gnu-unique-object --enable-linker-build-id --with-gcc-major-version-only --with-linker-hash-style=gnu --enable-plugin --enable-initfini-array --with-isl --enable-gnu-indirect-function --enable-cet --with-tune=generic --with-arch_32=x86-64 --build=x86_64-redhat-linux
Thread model: posix
Supported LTO compression algorithms: zlib zstd
gcc version 10.2.1 20200825 (Alibaba 10.2.1-3 2.32) (GCC) 
COLLECT_GCC_OPTIONS='-v' '-o' 'CMakeFiles/cmTC_8db23.dir/CMakeCXXCompilerABI.cpp.o' '-c' '-shared-libgcc' '-mtune=generic' '-march=x86-64'
 /usr/libexec/gcc/x86_64-redhat-linux/10/cc1plus -quiet -v -D_GNU_SOURCE /root/cmake/cmake-3.24.0-rc2-linux-x86_64/share/cmake-3.24/Modules/CMakeCXXCompilerABI.cpp -quiet -dumpbase CMakeCXXCompilerABI.cpp -mtune=generic -march=x86-64 -auxbase-strip CMakeFiles/cmTC_8db23.dir/CMakeCXXCompilerABI.cpp.o -version -o /tmp/ccceN0u7.s
GNU C++14 (GCC) version 10.2.1 20200825 (Alibaba 10.2.1-3 2.32) (x86_64-redhat-linux)
	compiled by GNU C version 10.2.1 20200825 (Alibaba 10.2.1-3 2.32), GMP version 6.1.2, MPFR version 3.1.6-p2, MPC version 1.1.0, isl version isl-0.16.1-GMP

GGC heuristics: --param ggc-min-expand=100 --param ggc-min-heapsize=131072
ignoring nonexistent directory "/usr/lib/gcc/x86_64-redhat-linux/10/include-fixed"
ignoring nonexistent directory "/usr/lib/gcc/x86_64-redhat-linux/10/../../../../x86_64-redhat-linux/include"
#include "..." search starts here:
#include <...> search starts here:
 /usr/lib/gcc/x86_64-redhat-linux/10/../../../../include/c++/10
 /usr/lib/gcc/x86_64-redhat-linux/10/../../../../include/c++/10/x86_64-redhat-linux
 /usr/lib/gcc/x86_64-redhat-linux/10/../../../../include/c++/10/backward
 /usr/lib/gcc/x86_64-redhat-linux/10/include
 /usr/local/include
 /usr/include
End of search list.
GNU C++14 (GCC) version 10.2.1 20200825 (Alibaba 10.2.1-3 2.32) (x86_64-redhat-linux)
	compiled by GNU C version 10.2.1 20200825 (Alibaba 10.2.1-3 2.32), GMP version 6.1.2, MPFR version 3.1.6-p2, MPC version 1.1.0, isl version isl-0.16.1-GMP

GGC heuristics: --param ggc-min-expand=100 --param ggc-min-heapsize=131072
Compiler executable checksum: 2f32224c41087b0f7ed27bbbd63366d4
COLLECT_GCC_OPTIONS='-v' '-o' 'CMakeFiles/cmTC_8db23.dir/CMakeCXXCompilerABI.cpp.o' '-c' '-shared-libgcc' '-mtune=generic' '-march=x86-64'
 as -v --64 -o CMakeFiles/cmTC_8db23.dir/CMakeCXXCompilerABI.cpp.o /tmp/ccceN0u7.s
GNU assembler version 2.35 (x86_64-redhat-linux) using BFD version version 2.35-12.2.al8
COMPILER_PATH=/usr/libexec/gcc/x86_64-redhat-linux/10/:/usr/libexec/gcc/x86_64-redhat-linux/10/:/usr/libexec/gcc/x86_64-redhat-linux/:/usr/lib/gcc/x86_64-redhat-linux/10/:/usr/lib/gcc/x86_64-redhat-linux/
LIBRARY_PATH=/usr/lib/gcc/x86_64-redhat-linux/10/:/usr/lib/gcc/x86_64-redhat-linux/10/../../../../lib64/:/lib/../lib64/:/usr/lib/../lib64/:/usr/lib/gcc/x86_64-redhat-linux/10/../../../:/lib/:/usr/lib/
COLLECT_GCC_OPTIONS='-v' '-o' 'CMakeFiles/cmTC_8db23.dir/CMakeCXXCompilerABI.cpp.o' '-c' '-shared-libgcc' '-mtune=generic' '-march=x86-64'
Linking CXX executable cmTC_8db23
/root/cmake/cmake-3.24.0-rc2-linux-x86_64/bin/cmake -E cmake_link_script CMakeFiles/cmTC_8db23.dir/link.txt --verbose=1
/usr/bin/c++  -v -rdynamic CMakeFiles/cmTC_8db23.dir/CMakeCXXCompilerABI.cpp.o -o cmTC_8db23 
Using built-in specs.
COLLECT_GCC=/usr/bin/c++
COLLECT_LTO_WRAPPER=/usr/libexec/gcc/x86_64-redhat-linux/10/lto-wrapper
Target: x86_64-redhat-linux
Configured with: ../configure --enable-bootstrap --enable-languages=c,c++,fortran,lto --prefix=/usr --mandir=/usr/share/man --infodir=/usr/share/info --with-bugurl=http://bugzilla.redhat.com/bugzilla --enable-shared --enable-threads=posix --enable-checking=release --disable-multilib --with-system-zlib --enable-__cxa_atexit --disable-libunwind-exceptions --enable-gnu-unique-object --enable-linker-build-id --with-gcc-major-version-only --with-linker-hash-style=gnu --enable-plugin --enable-initfini-array --with-isl --enable-gnu-indirect-function --enable-cet --with-tune=generic --with-arch_32=x86-64 --build=x86_64-redhat-linux
Thread model: posix
Supported LTO compression algorithms: zlib zstd
gcc version 10.2.1 20200825 (Alibaba 10.2.1-3 2.32) (GCC) 
COMPILER_PATH=/usr/libexec/gcc/x86_64-redhat-linux/10/:/usr/libexec/gcc/x86_64-redhat-linux/10/:/usr/libexec/gcc/x86_64-redhat-linux/:/usr/lib/gcc/x86_64-redhat-linux/10/:/usr/lib/gcc/x86_64-redhat-linux/
LIBRARY_PATH=/usr/lib/gcc/x86_64-redhat-linux/10/:/usr/lib/gcc/x86_64-redhat-linux/10/../../../../lib64/:/lib/../lib64/:/usr/lib/../lib64/:/usr/lib/gcc/x86_64-redhat-linux/10/../../../:/lib/:/usr/lib/
COLLECT_GCC_OPTIONS='-v' '-rdynamic' '-o' 'cmTC_8db23' '-shared-libgcc' '-mtune=generic' '-march=x86-64'
 /usr/libexec/gcc/x86_64-redhat-linux/10/collect2 -plugin /usr/libexec/gcc/x86_64-redhat-linux/10/liblto_plugin.so -plugin-opt=/usr/libexec/gcc/x86_64-redhat-linux/10/lto-wrapper -plugin-opt=-fresolution=/tmp/ccNxZhks.res -plugin-opt=-pass-through=-lgcc_s -plugin-opt=-pass-through=-lgcc -plugin-opt=-pass-through=-lc -plugin-opt=-pass-through=-lgcc_s -plugin-opt=-pass-through=-lgcc --build-id --no-add-needed --eh-frame-hdr --hash-style=gnu -m elf_x86_64 -export-dynamic -dynamic-linker /lib64/ld-linux-x86-64.so.2 -o cmTC_8db23 /usr/lib/gcc/x86_64-redhat-linux/10/../../../../lib64/crt1.o /usr/lib/gcc/x86_64-redhat-linux/10/../../../../lib64/crti.o /usr/lib/gcc/x86_64-redhat-linux/10/crtbegin.o -L/usr/lib/gcc/x86_64-redhat-linux/10 -L/usr/lib/gcc/x86_64-redhat-linux/10/../../../../lib64 -L/lib/../lib64 -L/usr/lib/../lib64 -L/usr/lib/gcc/x86_64-redhat-linux/10/../../.. CMakeFiles/cmTC_8db23.dir/CMakeCXXCompilerABI.cpp.o -lstdc++ -lm -lgcc_s -lgcc -lc -lgcc_s -lgcc /usr/lib/gcc/x86_64-redhat-linux/10/crtend.o /usr/lib/gcc/x86_64-redhat-linux/10/../../../../lib64/crtn.o
COLLECT_GCC_OPTIONS='-v' '-rdynamic' '-o' 'cmTC_8db23' '-shared-libgcc' '-mtune=generic' '-march=x86-64'
gmake[1]: Leaving directory '/home/limo/myMuduoWebServer/Build/CMakeFiles/CMakeTmp'



Parsed CXX implicit include dir info from above output: rv=done
  found start of include info
  found start of implicit include info
    add: [/usr/lib/gcc/x86_64-redhat-linux/10/../../../../include/c++/10]
    add: [/usr/lib/gcc/x86_64-redhat-linux/10/../../../../include/c++/10/x86_64-redhat-linux]
    add: [/usr/lib/gcc/x86_64-redhat-linux/10/../../../../include/c++/10/backward]
    add: [/usr/lib/gcc/x86_64-redhat-linux/10/include]
    add: [/usr/local/include]
    add: [/usr/include]
  end of search list found
  collapse include dir [/usr/lib/gcc/x86_64-redhat-linux/10/../../../../include/c++/10] ==> [/usr/include/c++/10]
  collapse include dir [/usr/lib/gcc/x86_64-redhat-linux/10/../../../../include/c++/10/x86_64-redhat-linux] ==> [/usr/include/c++/10/x86_64-redhat-linux]
  collapse include dir [/usr/lib/gcc/x86_64-redhat-linux/10/../../../../include/c++/10/backward] ==> [/usr/include/c++/10/backward]
  collapse include dir [/usr/lib/gcc/x86_64-redhat-linux/10/include] ==> [/usr/lib/gcc/x86_64-redhat-linux/10/include]
  collapse include dir [/usr/local/include] ==> [/usr/local/include]
  collapse include dir [/usr/include] ==> [/usr/include]
  implicit include dirs: [/usr/include/c++/10;/usr/include/c++/10/x86_64-redhat-linux;/usr/include/c++/10/backward;/usr/lib/gcc/x86_64-redhat-linux/10/include;/usr/local/include;/usr/include]


Parsed CXX implicit link information from above output:
  link line regex: [^( *|.*[/\])(ld|CMAKE_LINK_STARTFILE-NOTFOUND|([^/\]+-)?ld|collect2)[^/\]*( |$)]
  ignore line: [Change Dir: /home/limo/myMuduoWebServer/Build/CMakeFiles/CMakeTmp]
  ignore line: []
  ignore line: [Run Build Command(s):/usr/bin/gmake -f Makefile cmTC_8db23/fast && /usr/bin/gmake  -f CMakeFiles/cmTC_8db23.dir/build.make CMakeFiles/cmTC_8db23.dir/build]
  ignore line: [gmake[1]: Entering directory '/home/limo/myMuduoWebServer/Build/CMakeFiles/CMakeTmp']
  ignore line: [Building CXX object CMakeFiles/cmTC_8db23.dir/CMakeCXXCompilerABI.cpp.o]
  ignore line: [/usr/bin/c++   -v -o CMakeFiles/cmTC_8db23.dir/CMakeCXXCompilerABI.cpp.o -c /root/cmake/cmake-3.24.0-rc2-linux-x86_64/share/cmake-3.24/Modules/CMakeCXXCompilerABI.cpp]
  ignore line: [Using built-in specs.]
  ignore line: [COLLECT_GCC=/usr/bin/c++]
  ignore line: [Target: x86_64-redhat-linux]
  ignore line: [Configured with: ../configure --enable-bootstrap --enable-languages=c c++ fortran lto --prefix=/usr --mandir=/usr/share/man --infodir=/usr/share/info --with-bugurl=http://bugzilla.redhat.com/bugzilla --enable-shared --enable-threads=posix --enable-checking=release --disable-multilib --with-system-zlib --enable-__cxa_atexit --disable-libunwind-exceptions --enable-gnu-unique-object --enable-linker-build-id --with-gcc-major-version-only --with-linker-hash-style=gnu --enable-plugin --enable-initfini-array --with-isl --enable-gnu-indirect-function --enable-cet --with-tune=generic --with-arch_32=x86-64 --build=x86_64-redhat-linux]
  ignore line: [Thread model: posix]
  ignore line: [Supported LTO compression algorithms: zlib zstd]
  ignore line: [gcc version 10.2.1 20200825 (Alibaba 10.2.1-3 2.32) (GCC) ]
  ignore line: [COLLECT_GCC_OPTIONS='-v' '-o' 'CMakeFiles/cmTC_8db23.dir/CMakeCXXCompilerABI.cpp.o' '-c' '-shared-libgcc' '-mtune=generic' '-march=x86-64']
  ignore line: [ /usr/libexec/gcc/x86_64-redhat-linux/10/cc1plus -quiet -v -D_GNU_SOURCE /root/cmake/cmake-3.24.0-rc2-linux-x86_64/share/cmake-3.24/Modules/CMakeCXXCompilerABI.cpp -quiet -dumpbase CMakeCXXCompilerABI.cpp -mtune=generic -march=x86-64 -auxbase-strip CMakeFiles/cmTC_8db23.dir/CMakeCXXCompilerABI.cpp.o -version -o /tmp/ccceN0u7.s]
  ignore line: [GNU C++14 (GCC) version 10.2.1 20200825 (Alibaba 10.2.1-3 2.32) (x86_64-redhat-linux)]
  ignore line: [	compiled by GNU C version 10.2.1 20200825 (Alibaba 10.2.1-3 2.32)  GMP version 6.1.2  MPFR version 3.1.6-p2  MPC version 1.1.0  isl version isl-0.16.1-GMP]
  ignore line: []
  ignore line: [GGC heuristics: --param ggc-min-expand=100 --param ggc-min-heapsize=131072]
  ignore line: [ignoring nonexistent directory "/usr/lib/gcc/x86_64-redhat-linux/10/include-fixed"]
  ignore line: [ignoring nonexistent directory "/usr/lib/gcc/x86_64-redhat-linux/10/../../../../x86_64-redhat-linux/include"]
  ignore line: [#include "..." search starts here:]
  ignore line: [#include <...> search starts here:]
  ignore line: [ /usr/lib/gcc/x86_64-redhat-linux/10/../../../../include/c++/10]
  ignore line: [ /usr/lib/gcc/x86_64-redhat-linux/10/../../../../include/c++/10/x86_64-redhat-linux]
  ignore line: [ /usr/lib/gcc/x86_64-redhat-linux/10/../../../../include/c++/10/backward]
  ignore line: [ /usr/lib/gcc/x86_64-redhat-linux/10/include]
  ignore line: [ /usr/local/include]
  ignore line: [ /usr/include]
  ignore line: [End of search list.]
  ignore line: [GNU C++14 (GCC) version 10.2.1 20200825 (Alibaba 10.2.1-3 2.32) (x86_64-redhat-linux)]
  ignore line: [	compiled by GNU C version 10.2.1 20200825 (Alibaba 10.2.1-3 2.32)  GMP version 6.1.2  MPFR version 3.1.6-p2  MPC version 1.1.0  isl version isl-0.16.1-GMP]
  ignore line: []
  ignore line: [GGC heuristics: --param ggc-min-expand=100 --param ggc-min-heapsize=131072]
  ignore line: [Compiler executable checksum: 2f32224c41087b0f7ed27bbbd63366d4]
  ignore line: [COLLECT_GCC_OPTIONS='-v' '-o' 'CMakeFiles/cmTC_8db23.dir/CMakeCXXCompilerABI.cpp.o' '-c' '-shared-libgcc' '-mtune=generic' '-march=x86-64']
  ignore line: [ as -v --64 -o CMakeFiles/cmTC_8db23.dir/CMakeCXXCompilerABI.cpp.o /tmp/ccceN0u7.s]
  ignore line: [GNU assembler version 2.35 (x86_64-redhat-linux) using BFD version version 2.35-12.2.al8]
  ignore line: [COMPILER_PATH=/usr/libexec/gcc/x86_64-redhat-linux/10/:/usr/libexec/gcc/x86_64-redhat-linux/10/:/usr/libexec/gcc/x86_64-redhat-linux/:/usr/lib/gcc/x86_64-redhat-linux/10/:/usr/lib/gcc/x86_64-redhat-linux/]
  ignore line: [LIBRARY_PATH=/usr/lib/gcc/x86_64-redhat-linux/10/:/usr/lib/gcc/x86_64-redhat-linux/10/../../../../lib64/:/lib/../lib64/:/usr/lib/../lib64/:/usr/lib/gcc/x86_64-redhat-linux/10/../../../:/lib/:/usr/lib/]
  ignore line: [COLLECT_GCC_OPTIONS='-v' '-o' 'CMakeFiles/cmTC_8db23.dir/CMakeCXXCompilerABI.cpp.o' '-c' '-shared-libgcc' '-mtune=generic' '-march=x86-64']
  ignore line: [Linking CXX executable cmTC_8db23]
  ignore line: [/root/cmake/cmake-3.24.0-rc2-linux-x86_64/bin/cmake -E cmake_link_script CMakeFiles/cmTC_8db23.dir/link.txt --verbose=1]
  ignore line: [/usr/bin/c++  -v -rdynamic CMakeFiles/cmTC_8db23.dir/CMakeCXXCompilerABI.cpp.o -o cmTC_8db23 ]
  ignore line: [Using built-in specs.]
  ignore line: [COLLECT_GCC=/usr/bin/c++]
  ignore line: [COLLECT_LTO_WRAPPER=/usr/libexec/gcc/x86_64-redhat-linux/10/lto-wrapper]
  ignore line: [Target: x86_64-redhat-linux]
  ignore line: [Configured with: ../configure --enable-bootstrap --enable-languages=c c++ fortran lto --prefix=/usr --mandir=/usr/share/man --infodir=/usr/share/info --with-bugurl=http://bugzilla.redhat.com/bugzilla --enable-shared --enable-threads=posix --enable-checking=release --disable-multilib --with-system-zlib --enable-__cxa_atexit --disable-libunwind-exceptions --enable-gnu-unique-object --enable-linker-build-id --with-gcc-major-version-only --with-linker-hash-style=gnu --enable-plugin --enable-initfini-array --with-isl --enable-gnu-indirect-function --enable-cet --with-tune=generic --with-arch_32=x86-64 --build=x86_64-redhat-linux]
  ignore line: [Thread model: posix]
  ignore line: [Supported LTO compression algorithms: zlib zstd]
  ignore line: [gcc version 10.2.1 20200825 (Alibaba 10.2.1-3 2.32) (GCC) ]
  ignore line: [COMPILER_PATH=/usr/libexec/gcc/x86_64-redhat-linux/10/:/usr/libexec/gcc/x86_64-redhat-linux/10/:/usr/libexec/gcc/x86_64-redhat-linux/:/usr/lib/gcc/x86_64-redhat-linux/10/:/usr/lib/gcc/x86_64-redhat-linux/]
  ignore line: [LIBRARY_PATH=/usr/lib/gcc/x86_64-redhat-linux/10/:/usr/lib/gcc/x86_64-redhat-linux/10/../../../../lib64/:/lib/../lib64/:/usr/lib/../lib64/:/usr/lib/gcc/x86_64-redhat-linux/10/../../../:/lib/:/usr/lib/]
  ignore line: [COLLECT_GCC_OPTIONS='-v' '-rdynamic' '-o' 'cmTC_8db23' '-shared-libgcc' '-mtune=generic' '-march=x86-64']
  link line: [ /usr/libexec/gcc/x86_64-redhat-linux/10/collect2 -plugin /usr/libexec/gcc/x86_64-redhat-linux/10/liblto_plugin.so -plugin-opt=/usr/libexec/gcc/x86_64-redhat-linux/10/lto-wrapper -plugin-opt=-fresolution=/tmp/ccNxZhks.res -plugin-opt=-pass-through=-lgcc_s -plugin-opt=-pass-through=-lgcc -plugin-opt=-pass-through=-lc -plugin-opt=-pass-through=-lgcc_s -plugin-opt=-pass-through=-lgcc --build-id --no-add-needed --eh-frame-hdr --hash-style=gnu -m elf_x86_64 -export-dynamic -dynamic-linker /lib64/ld-linux-x86-64.so.2 -o cmTC_8db23 /usr/lib/gcc/x86_64-redhat-linux/10/../../../../lib64/crt1.o /usr/lib/gcc/x86_64-redhat-linux/10/../../../../lib64/crti.o /usr/lib/gcc/x86_64-redhat-linux/10/crtbegin.o -L/usr/lib/gcc/x86_64-redhat-linux/10 -L/usr/lib/gcc/x86_64-redhat-linux/10/../../../../lib64 -L/lib/../lib64 -L/usr/lib/../lib64 -L/usr/lib/gcc/x86_64-redhat-linux/10/../../.. CMakeFiles/cmTC_8db23.dir/CMakeCXXCompilerABI.cpp.o -lstdc++ -lm -lgcc_s -lgcc -lc -lgcc_s -lgcc /usr/lib/gcc/x86_64-redhat-linux/10/crtend.o /usr/lib/gcc/x86_64-redhat-linux/10/../../../../lib64/crtn.o]
    arg [/usr/libexec/gcc/x86_64-redhat-linux/10/collect2] ==> ignore
    arg [-plugin] ==> ignore
    arg [/usr/libexec/gcc/x86_64-redhat-linux/10/liblto_plugin.so] ==> ignore
    arg [-plugin-opt=/usr/libexec/gcc/x86_64-redhat-linux/10/lto-wrapper] ==> ignore
    arg [-plugin-opt=-fresolution=/tmp/ccNxZhks.res] ==> ignore
    arg [-plugin-opt=-pass-through=-lgcc_s] ==> ignore
    arg [-plugin-opt=-pass-through=-lgcc] ==> ignore
    arg [-plugin-opt=-pass-through=-lc] ==> ignore
    arg [-plugin-opt=-pass-through=-lgcc_s] ==> ignore
    arg [-plugin-opt=-pass-through=-lgcc] ==> ignore
    arg [--build-id] ==> ignore
    arg [--no-add-needed] ==> ignore
    arg [--eh-frame-hdr] ==> ignore
    arg [--hash-style=gnu] ==> ignore
    arg [-m] ==> ignore
    arg [elf_x86_64] ==> ignore
    arg [-export-dynamic] ==> ignore
    arg [-dynamic-linker] ==> ignore
    arg [/lib64/ld-linux-x86-64.so.2] ==> ignore
    arg [-o] ==> ignore
    arg [cmTC_8db23] ==> ignore
    arg [/usr/lib/gcc/x86_64-redhat-linux/10/../../../../lib64/crt1.o] ==> obj [/usr/lib/gcc/x86_64-redhat-linux/10/../../../../lib64/crt1.o]
    arg [/usr/lib/gcc/x86_64-redhat-linux/10/../../../../lib64/crti.o] ==> obj [/usr/lib/gcc/x86_64-redhat-linux/10/../../../../lib64/crti.o]
    arg [/usr/lib/gcc/x86_64-redhat-linux/10/crtbegin.o] ==> obj [/usr/lib/gcc/x86_64-redhat-linux/10/crtbegin.o]
    arg [-L/usr/lib/gcc/x86_64-redhat-linux/10] ==> dir [/usr/lib/gcc/x86_64-redhat-linux/10]
    arg [-L/usr/lib/gcc/x86_64-redhat-linux/10/../../../../lib64] ==> dir [/usr/lib/gcc/x86_64-redhat-linux/10/../../../../lib64]
    arg [-L/lib/../lib64] ==> dir [/lib/../lib64]
    arg [-L/usr/lib/../lib64] ==> dir [/usr/lib/../lib64]
    arg [-L/usr/lib/gcc/x86_64-redhat-linux/10/../../..] ==> dir [/usr/lib/gcc/x86_64-redhat-linux/10/../../..]
    arg [CMakeFiles/cmTC_8db23.dir/CMakeCXXCompilerABI.cpp.o] ==> ignore
    arg [-lstdc++] ==> lib [stdc++]
    arg [-lm] ==> lib [m]
    arg [-lgcc_s] ==> lib [gcc_s]
    arg [-lgcc] ==> lib [gcc]
    arg [-lc] ==> lib [c]
    arg [-lgcc_s] ==> lib [gcc_s]
    arg [-lgcc] ==> lib [gcc]
    arg [/usr/lib/gcc/x86_64-redhat-linux/10/crtend.o] ==> obj [/usr/lib/gcc/x86_64-redhat-linux/10/crtend.o]
    arg [/usr/lib/gcc/x86_64-redhat-linux/10/../../../../lib64/crtn.o] ==> obj [/usr/lib/gcc/x86_64-redhat-linux/10/../../../../lib64/crtn.o]
  collapse obj [/usr/lib/gcc/x86_64-redhat-linux/10/../../../../lib64/crt1.o] ==> [/usr/lib64/crt1.o]
  collapse obj [/usr/lib/gcc/x86_64-redhat-linux/10/../../../../lib64/crti.o] ==> [/usr/lib64/crti.o]
  collapse obj [/usr/lib/gcc/x86_64-redhat-linux/10/../../../../lib64/crtn.o] ==> [/usr/lib64/crtn.o]
  collapse library dir [/usr/lib/gcc/x86_64-redhat-linux/10] ==> [/usr/lib/gcc/x86_64-redhat-linux/10]
  collapse library dir [/usr/lib/gcc/x86_64-redhat-linux/10/../../../../lib64] ==> [/usr/lib64]
  collapse library dir [/lib/../lib64] ==> [/lib64]
  collapse library dir [/usr/lib/../lib64] ==> [/usr/lib64]
  collapse library dir [/usr/lib/gcc/x86_64-redhat-linux/10/../../..] ==> [/usr/lib]
  implicit libs: [stdc++;m;gcc_s;gcc;c;gcc_s;gcc]
  implicit objs: [/usr/lib64/crt1.o;/usr/lib64/crti.o;/usr/lib/gcc/x86_64-redhat-linux/10/crtbegin.o;/usr/lib/gcc/x86_64-redhat-linux/10/crtend.o;/usr/lib64/crtn.o]
  implicit dirs: [/usr/lib/gcc/x86_64-redhat-linux/10;/usr/lib64;/lib64;/usr/lib]
  implicit fwks: []


Determining if the function pthread_create exists in the pthread passed with the following output:
Change Dir: /home/limo/myMuduoWebServer/Build/CMakeFiles/CMakeTmp

Run Build Command(s):/usr/bin/gmake -f Makefile cmTC_d1a97/fast && /usr/bin/gmake  -f CMakeFiles/cmTC_d1a97.dir/build.make CMakeFiles/cmTC_d1a97.dir/build
gmake[1]: Entering directory '/home/limo/myMuduoWebServer/Build/CMakeFiles/CMakeTmp'
Building C object CMakeFiles/cmTC_d1a97.dir/CheckFunctionExists.c.o
/usr/bin/cc   -DCHECK_FUNCTION_EXISTS=pthread_create -o CMakeFiles/cmTC_d1a97.dir/CheckFunctionExists.c.o -c /root/cmake/cmake-3.24.0-rc2-linux-x86_64/share/cmake-3.24/Modules/CheckFunctionExists.c
Linking C executable cmTC_d1a97
/root/cmake/cmake-3.24.0-rc2-linux-x86_64/bin/cmake -E cmake_link_script CMakeFiles/cmTC_d1a97.dir/link.txt --verbose=1
/usr/bin/cc  -DCHECK_FUNCTION_EXISTS=pthread_create -rdynamic CMakeFiles/cmTC_d1a97.dir/CheckFunctionExists.c.o -o cmTC_d1a97  -lpthread 
gmake[1]: Leaving directory '/home/limo/myMuduoWebServer/Build/CMakeFiles/CMakeTmp'



